<?xml version="1.0" encoding="UTF-8"?>
<!-- Generated by org.testng.reporters.JUnitXMLReporter -->
<testsuite ignored="0" hostname="Yohanes-PC" failures="0" tests="3" name="Surefire test" time="1.776" errors="0" timestamp="2026-04-06T23:10:50 WIB">
  <testcase classname="com.yohanes.appium.tests.BaseTest" name="@BeforeMethod setUp" time="1.646">
    <failure type="org.openqa.selenium.SessionNotCreatedException" message="Could not start a new session. Response code 404. Message: The requested resource could not be found, or a request was received using an HTTP method that is not supported by the mapped resource 
Host info: host: &amp;apos;YOHANES-PC&amp;apos;, ip: &amp;apos;192.168.1.11&amp;apos;
Build info: version: &amp;apos;4.41.0&amp;apos;, revision: &amp;apos;9fc754f&amp;apos;
System info: os.name: &amp;apos;Windows 11&amp;apos;, os.arch: &amp;apos;amd64&amp;apos;, os.version: &amp;apos;10.0&amp;apos;, java.version: &amp;apos;17.0.12&amp;apos;
Driver info: io.appium.java_client.android.AndroidDriver
Command: [null, newSession {capabilities=[Capabilities {appium:appActivity: com.swaglabsmobileapp.MainA..., appium:appPackage: com.swaglabsmobileapp, appium:automationName: UIAutomator2, appium:deviceName: Pixel 3 API 29, appium:newCommandTimeout: 300, appium:noReset: true, appium:udid: emulator-5554, platformName: ANDROID}]}]
Capabilities {appium:appActivity: com.swaglabsmobileapp.MainA..., appium:appPackage: com.swaglabsmobileapp, appium:automationName: UIAutomator2, appium:deviceName: Pixel 3 API 29, appium:newCommandTimeout: 300, appium:noReset: true, appium:udid: emulator-5554, platformName: ANDROID}">
      <![CDATA[org.openqa.selenium.SessionNotCreatedException: Could not start a new session. Response code 404. Message: The requested resource could not be found, or a request was received using an HTTP method that is not supported by the mapped resource 
Host info: host: 'YOHANES-PC', ip: '192.168.1.11'
Build info: version: '4.41.0', revision: '9fc754f'
System info: os.name: 'Windows 11', os.arch: 'amd64', os.version: '10.0', java.version: '17.0.12'
Driver info: io.appium.java_client.android.AndroidDriver
Command: [null, newSession {capabilities=[Capabilities {appium:appActivity: com.swaglabsmobileapp.MainA..., appium:appPackage: com.swaglabsmobileapp, appium:automationName: UIAutomator2, appium:deviceName: Pixel 3 API 29, appium:newCommandTimeout: 300, appium:noReset: true, appium:udid: emulator-5554, platformName: ANDROID}]}]
Capabilities {appium:appActivity: com.swaglabsmobileapp.MainA..., appium:appPackage: com.swaglabsmobileapp, appium:automationName: UIAutomator2, appium:deviceName: Pixel 3 API 29, appium:newCommandTimeout: 300, appium:noReset: true, appium:udid: emulator-5554, platformName: ANDROID}
at org.openqa.selenium.remote.ProtocolHandshake.createSession(ProtocolHandshake.java:114)
at org.openqa.selenium.remote.ProtocolHandshake.createSession(ProtocolHandshake.java:75)
at org.openqa.selenium.remote.ProtocolHandshake.createSession(ProtocolHandshake.java:61)
at io.appium.java_client.remote.AppiumCommandExecutor.createSession(AppiumCommandExecutor.java:170)
at io.appium.java_client.remote.AppiumCommandExecutor.execute(AppiumCommandExecutor.java:235)
at org.openqa.selenium.remote.RemoteWebDriver.execute(RemoteWebDriver.java:604)
at io.appium.java_client.AppiumDriver.startSession(AppiumDriver.java:308)
at org.openqa.selenium.remote.RemoteWebDriver.<init>(RemoteWebDriver.java:211)
at org.openqa.selenium.remote.RemoteWebDriver.<init>(RemoteWebDriver.java:197)
at io.appium.java_client.AppiumDriver.<init>(AppiumDriver.java:98)
at io.appium.java_client.AppiumDriver.<init>(AppiumDriver.java:109)
at io.appium.java_client.android.AndroidDriver.<init>(AndroidDriver.java:108)
at com.yohanes.appium.tests.BaseTest.setUp(BaseTest.java:32)
at java.base/java.util.ArrayList.forEach(ArrayList.java:1511)
... Removed 36 stack frames]]>
    </failure>
  </testcase> <!-- @BeforeMethod setUp -->
  <testcase classname="com.yohanes.appium.tests.BaseTest" name="@AfterMethod tearDown" time="0.0">
    <skipped/>
  </testcase> <!-- @AfterMethod tearDown -->
  <testcase classname="com.yohanes.appium.tests.BaseTest" name="@BeforeMethod setUp" time="0.023">
    <failure type="org.openqa.selenium.SessionNotCreatedException" message="Could not start a new session. Response code 404. Message: The requested resource could not be found, or a request was received using an HTTP method that is not supported by the mapped resource 
Host info: host: &amp;apos;YOHANES-PC&amp;apos;, ip: &amp;apos;192.168.1.11&amp;apos;
Build info: version: &amp;apos;4.41.0&amp;apos;, revision: &amp;apos;9fc754f&amp;apos;
System info: os.name: &amp;apos;Windows 11&amp;apos;, os.arch: &amp;apos;amd64&amp;apos;, os.version: &amp;apos;10.0&amp;apos;, java.version: &amp;apos;17.0.12&amp;apos;
Driver info: io.appium.java_client.android.AndroidDriver
Command: [null, newSession {capabilities=[Capabilities {appium:appActivity: com.swaglabsmobileapp.MainA..., appium:appPackage: com.swaglabsmobileapp, appium:automationName: UIAutomator2, appium:deviceName: Pixel 3 API 29, appium:newCommandTimeout: 300, appium:noReset: true, appium:udid: emulator-5554, platformName: ANDROID}]}]
Capabilities {appium:appActivity: com.swaglabsmobileapp.MainA..., appium:appPackage: com.swaglabsmobileapp, appium:automationName: UIAutomator2, appium:deviceName: Pixel 3 API 29, appium:newCommandTimeout: 300, appium:noReset: true, appium:udid: emulator-5554, platformName: ANDROID}">
      <![CDATA[org.openqa.selenium.SessionNotCreatedException: Could not start a new session. Response code 404. Message: The requested resource could not be found, or a request was received using an HTTP method that is not supported by the mapped resource 
Host info: host: 'YOHANES-PC', ip: '192.168.1.11'
Build info: version: '4.41.0', revision: '9fc754f'
System info: os.name: 'Windows 11', os.arch: 'amd64', os.version: '10.0', java.version: '17.0.12'
Driver info: io.appium.java_client.android.AndroidDriver
Command: [null, newSession {capabilities=[Capabilities {appium:appActivity: com.swaglabsmobileapp.MainA..., appium:appPackage: com.swaglabsmobileapp, appium:automationName: UIAutomator2, appium:deviceName: Pixel 3 API 29, appium:newCommandTimeout: 300, appium:noReset: true, appium:udid: emulator-5554, platformName: ANDROID}]}]
Capabilities {appium:appActivity: com.swaglabsmobileapp.MainA..., appium:appPackage: com.swaglabsmobileapp, appium:automationName: UIAutomator2, appium:deviceName: Pixel 3 API 29, appium:newCommandTimeout: 300, appium:noReset: true, appium:udid: emulator-5554, platformName: ANDROID}
at org.openqa.selenium.remote.ProtocolHandshake.createSession(ProtocolHandshake.java:114)
at org.openqa.selenium.remote.ProtocolHandshake.createSession(ProtocolHandshake.java:75)
at org.openqa.selenium.remote.ProtocolHandshake.createSession(ProtocolHandshake.java:61)
at io.appium.java_client.remote.AppiumCommandExecutor.createSession(AppiumCommandExecutor.java:170)
at io.appium.java_client.remote.AppiumCommandExecutor.execute(AppiumCommandExecutor.java:235)
at org.openqa.selenium.remote.RemoteWebDriver.execute(RemoteWebDriver.java:604)
at io.appium.java_client.AppiumDriver.startSession(AppiumDriver.java:308)
at org.openqa.selenium.remote.RemoteWebDriver.<init>(RemoteWebDriver.java:211)
at org.openqa.selenium.remote.RemoteWebDriver.<init>(RemoteWebDriver.java:197)
at io.appium.java_client.AppiumDriver.<init>(AppiumDriver.java:98)
at io.appium.java_client.AppiumDriver.<init>(AppiumDriver.java:109)
at io.appium.java_client.android.AndroidDriver.<init>(AndroidDriver.java:108)
at com.yohanes.appium.tests.BaseTest.setUp(BaseTest.java:32)
at java.base/java.util.ArrayList.forEach(ArrayList.java:1511)
... Removed 36 stack frames]]>
    </failure>
  </testcase> <!-- @BeforeMethod setUp -->
  <testcase classname="com.yohanes.appium.tests.BaseTest" name="@AfterMethod tearDown" time="0.0">
    <skipped/>
  </testcase> <!-- @AfterMethod tearDown -->
  <testcase classname="com.yohanes.appium.tests.BaseTest" name="@BeforeMethod setUp" time="0.0">
    <skipped/>
  </testcase> <!-- @BeforeMethod setUp -->
  <testcase classname="com.yohanes.appium.tests.BaseTest" name="@AfterMethod tearDown" time="0.0">
    <skipped/>
  </testcase> <!-- @AfterMethod tearDown -->
  <testcase classname="com.yohanes.appium.tests.CheckoutTest" name="CheckoutTestFullFlow" time="0.0">
    <skipped/>
  </testcase> <!-- CheckoutTestFullFlow -->
  <testcase classname="com.yohanes.appium.tests.LoginTest" name="InvalidLoginTest" time="0.0">
    <skipped/>
  </testcase> <!-- InvalidLoginTest -->
  <testcase classname="com.yohanes.appium.tests.LoginTest" name="ValidLoginTest" time="0.0">
    <skipped/>
  </testcase> <!-- ValidLoginTest -->
</testsuite> <!-- Surefire test -->
