<?xml version="1.0" encoding="UTF-8"?>
<testsuite xmlns:xsi="http://www.w3.org/2001/XMLSchema-instance" xsi:noNamespaceSchemaLocation="https://maven.apache.org/surefire/maven-surefire-plugin/xsd/surefire-test-report.xsd" version="3.0.1" name="TestSuite" time="2.972" tests="9" errors="0" skipped="7" failures="2">
  <properties>
[...]
</properties>
  <testcase name="setUp" classname="com.yohanes.appium.tests.CheckoutTest" time="2.668">
    <failure message="Could not start a new session. Response code 404. Message: The requested resource could not be found, or a request was received using an HTTP method that is not supported by the mapped resource &#10;Host info: host: &apos;YOHANES-PC&apos;, ip: &apos;192.168.1.11&apos;&#10;Build info: version: &apos;4.41.0&apos;, revision: &apos;9fc754f&apos;&#10;System info: os.name: &apos;Windows 11&apos;, os.arch: &apos;amd64&apos;, os.version: &apos;10.0&apos;, java.version: &apos;17.0.12&apos;&#10;Driver info: io.appium.java_client.android.AndroidDriver&#10;Command: [null, newSession {capabilities=[Capabilities {appium:appActivity: com.swaglabsmobileapp.MainA..., appium:appPackage: com.swaglabsmobileapp, appium:automationName: UIAutomator2, appium:deviceName: Pixel 3 API 29, appium:newCommandTimeout: 300, appium:noReset: true, appium:udid: emulator-5554, platformName: ANDROID}]}]&#10;Capabilities {appium:appActivity: com.swaglabsmobileapp.MainA..., appium:appPackage: com.swaglabsmobileapp, appium:automationName: UIAutomator2, appium:deviceName: Pixel 3 API 29, appium:newCommandTimeout: 300, appium:noReset: true, appium:udid: emulator-5554, platformName: ANDROID}" type="org.openqa.selenium.SessionNotCreatedException"><![CDATA[org.openqa.selenium.SessionNotCreatedException: 
Could not start a new session. Response code 404. Message: The requested resource could not be found, or a request was received using an HTTP method that is not supported by the mapped resource 
Host info: host: 'YOHANES-PC', ip: '192.168.1.11'
Build info: version: '4.41.0', revision: '9fc754f'
System info: os.name: 'Windows 11', os.arch: 'amd64', os.version: '10.0', java.version: '17.0.12'
Driver info: io.appium.java_client.android.AndroidDriver
Command: [null, newSession {capabilities=[Capabilities {appium:appActivity: com.swaglabsmobileapp.MainA..., appium:appPackage: com.swaglabsmobileapp, appium:automationName: UIAutomator2, appium:deviceName: Pixel 3 API 29, appium:newCommandTimeout: 300, appium:noReset: true, appium:udid: emulator-5554, platformName: ANDROID}]}]
Capabilities {appium:appActivity: com.swaglabsmobileapp.MainA..., appium:appPackage: com.swaglabsmobileapp, appium:automationName: UIAutomator2, appium:deviceName: Pixel 3 API 29, appium:newCommandTimeout: 300, appium:noReset: true, appium:udid: emulator-5554, platformName: ANDROID}
	at org.openqa.selenium.remote.ProtocolHandshake.createSession(ProtocolHandshake.java:114)
	at org.openqa.selenium.remote.ProtocolHandshake.createSession(ProtocolHandshake.java:75)
	at org.openqa.selenium.remote.ProtocolHandshake.createSession(ProtocolHandshake.java:61)
	at io.appium.java_client.remote.AppiumCommandExecutor.createSession(AppiumCommandExecutor.java:170)
	at io.appium.java_client.remote.AppiumCommandExecutor.execute(AppiumCommandExecutor.java:235)
	at org.openqa.selenium.remote.RemoteWebDriver.execute(RemoteWebDriver.java:604)
	at io.appium.java_client.AppiumDriver.startSession(AppiumDriver.java:308)
	at org.openqa.selenium.remote.RemoteWebDriver.<init>(RemoteWebDriver.java:211)
	at org.openqa.selenium.remote.RemoteWebDriver.<init>(RemoteWebDriver.java:197)
	at io.appium.java_client.AppiumDriver.<init>(AppiumDriver.java:98)
	at io.appium.java_client.AppiumDriver.<init>(AppiumDriver.java:109)
	at io.appium.java_client.android.AndroidDriver.<init>(AndroidDriver.java:108)
	at com.yohanes.appium.tests.BaseTest.setUp(BaseTest.java:32)
	at java.base/jdk.internal.reflect.NativeMethodAccessorImpl.invoke0(Native Method)
	at java.base/jdk.internal.reflect.NativeMethodAccessorImpl.invoke(NativeMethodAccessorImpl.java:77)
	at java.base/jdk.internal.reflect.DelegatingMethodAccessorImpl.invoke(DelegatingMethodAccessorImpl.java:43)
	at java.base/java.lang.reflect.Method.invoke(Method.java:568)
	at org.testng.internal.invokers.MethodInvocationHelper.invokeMethod(MethodInvocationHelper.java:141)
	at org.testng.internal.invokers.MethodInvocationHelper.invokeMethodConsideringTimeout(MethodInvocationHelper.java:71)
	at org.testng.internal.invokers.ConfigInvoker.invokeConfigurationMethod(ConfigInvoker.java:400)
	at org.testng.internal.invokers.ConfigInvoker.invokeConfigurations(ConfigInvoker.java:333)
	at org.testng.internal.invokers.TestInvoker.runConfigMethods(TestInvoker.java:846)
	at org.testng.internal.invokers.TestInvoker.invokeMethod(TestInvoker.java:611)
	at org.testng.internal.invokers.TestInvoker.invokeTestMethod(TestInvoker.java:230)
	at org.testng.internal.invokers.MethodRunner.runInSequence(MethodRunner.java:63)
	at org.testng.internal.invokers.TestInvoker$MethodInvocationAgent.invoke(TestInvoker.java:1005)
	at org.testng.internal.invokers.TestInvoker.invokeTestMethods(TestInvoker.java:203)
	at org.testng.internal.invokers.TestMethodWorker.invokeTestMethods(TestMethodWorker.java:154)
	at org.testng.internal.invokers.TestMethodWorker.run(TestMethodWorker.java:134)
	at java.base/java.util.ArrayList.forEach(ArrayList.java:1511)
	at org.testng.TestRunner.privateRun(TestRunner.java:744)
	at org.testng.TestRunner.run(TestRunner.java:616)
	at org.testng.SuiteRunner.runTest(SuiteRunner.java:421)
	at org.testng.SuiteRunner.runSequentially(SuiteRunner.java:413)
	at org.testng.SuiteRunner.privateRun(SuiteRunner.java:373)
	at org.testng.SuiteRunner.run(SuiteRunner.java:312)
	at org.testng.SuiteRunnerWorker.runSuite(SuiteRunnerWorker.java:52)
	at org.testng.SuiteRunnerWorker.run(SuiteRunnerWorker.java:95)
	at org.testng.TestNG.runSuitesSequentially(TestNG.java:1274)
	at org.testng.TestNG.runSuitesLocally(TestNG.java:1208)
	at org.testng.TestNG.runSuites(TestNG.java:1112)
	at org.testng.TestNG.run(TestNG.java:1079)
	at org.apache.maven.surefire.testng.TestNGExecutor.run(TestNGExecutor.java:155)
	at org.apache.maven.surefire.testng.TestNGDirectoryTestSuite.executeMulti(TestNGDirectoryTestSuite.java:169)
	at org.apache.maven.surefire.testng.TestNGDirectoryTestSuite.execute(TestNGDirectoryTestSuite.java:88)
	at org.apache.maven.surefire.testng.TestNGProvider.invoke(TestNGProvider.java:137)
	at org.apache.maven.surefire.booter.ForkedBooter.runSuitesInProcess(ForkedBooter.java:385)
	at org.apache.maven.surefire.booter.ForkedBooter.execute(ForkedBooter.java:162)
	at org.apache.maven.surefire.booter.ForkedBooter.run(ForkedBooter.java:507)
	at org.apache.maven.surefire.booter.ForkedBooter.main(ForkedBooter.java:495)
]]></failure>
  </testcase>
  <testcase name="CheckoutTestFullFlow" classname="com.yohanes.appium.tests.CheckoutTest" time="0.0">
    <skipped message="Could not start a new session. Response code 404. Message: The requested resource could not be found, or a request was received using an HTTP method that is not supported by the mapped resource &#10;Host info: host: &apos;YOHANES-PC&apos;, ip: &apos;192.168.1.11&apos;&#10;Build info: version: &apos;4.41.0&apos;, revision: &apos;9fc754f&apos;&#10;System info: os.name: &apos;Windows 11&apos;, os.arch: &apos;amd64&apos;, os.version: &apos;10.0&apos;, java.version: &apos;17.0.12&apos;&#10;Driver info: io.appium.java_client.android.AndroidDriver&#10;Command: [null, newSession {capabilities=[Capabilities {appium:appActivity: com.swaglabsmobileapp.MainA..., appium:appPackage: com.swaglabsmobileapp, appium:automationName: UIAutomator2, appium:deviceName: Pixel 3 API 29, appium:newCommandTimeout: 300, appium:noReset: true, appium:udid: emulator-5554, platformName: ANDROID}]}]&#10;Capabilities {appium:appActivity: com.swaglabsmobileapp.MainA..., appium:appPackage: com.swaglabsmobileapp, appium:automationName: UIAutomator2, appium:deviceName: Pixel 3 API 29, appium:newCommandTimeout: 300, appium:noReset: true, appium:udid: emulator-5554, platformName: ANDROID}"/>
  </testcase>
  <testcase name="tearDown" classname="com.yohanes.appium.tests.CheckoutTest" time="0.0">
    <skipped/>
  </testcase>
  <testcase name="setUp" classname="com.yohanes.appium.tests.LoginTest" time="0.038">
    <failure message="Could not start a new session. Response code 404. Message: The requested resource could not be found, or a request was received using an HTTP method that is not supported by the mapped resource &#10;Host info: host: &apos;YOHANES-PC&apos;, ip: &apos;192.168.1.11&apos;&#10;Build info: version: &apos;4.41.0&apos;, revision: &apos;9fc754f&apos;&#10;System info: os.name: &apos;Windows 11&apos;, os.arch: &apos;amd64&apos;, os.version: &apos;10.0&apos;, java.version: &apos;17.0.12&apos;&#10;Driver info: io.appium.java_client.android.AndroidDriver&#10;Command: [null, newSession {capabilities=[Capabilities {appium:appActivity: com.swaglabsmobileapp.MainA..., appium:appPackage: com.swaglabsmobileapp, appium:automationName: UIAutomator2, appium:deviceName: Pixel 3 API 29, appium:newCommandTimeout: 300, appium:noReset: true, appium:udid: emulator-5554, platformName: ANDROID}]}]&#10;Capabilities {appium:appActivity: com.swaglabsmobileapp.MainA..., appium:appPackage: com.swaglabsmobileapp, appium:automationName: UIAutomator2, appium:deviceName: Pixel 3 API 29, appium:newCommandTimeout: 300, appium:noReset: true, appium:udid: emulator-5554, platformName: ANDROID}" type="org.openqa.selenium.SessionNotCreatedException"><![CDATA[org.openqa.selenium.SessionNotCreatedException: 
Could not start a new session. Response code 404. Message: The requested resource could not be found, or a request was received using an HTTP method that is not supported by the mapped resource 
Host info: host: 'YOHANES-PC', ip: '192.168.1.11'
Build info: version: '4.41.0', revision: '9fc754f'
System info: os.name: 'Windows 11', os.arch: 'amd64', os.version: '10.0', java.version: '17.0.12'
Driver info: io.appium.java_client.android.AndroidDriver
Command: [null, newSession {capabilities=[Capabilities {appium:appActivity: com.swaglabsmobileapp.MainA..., appium:appPackage: com.swaglabsmobileapp, appium:automationName: UIAutomator2, appium:deviceName: Pixel 3 API 29, appium:newCommandTimeout: 300, appium:noReset: true, appium:udid: emulator-5554, platformName: ANDROID}]}]
Capabilities {appium:appActivity: com.swaglabsmobileapp.MainA..., appium:appPackage: com.swaglabsmobileapp, appium:automationName: UIAutomator2, appium:deviceName: Pixel 3 API 29, appium:newCommandTimeout: 300, appium:noReset: true, appium:udid: emulator-5554, platformName: ANDROID}
	at org.openqa.selenium.remote.ProtocolHandshake.createSession(ProtocolHandshake.java:114)
	at org.openqa.selenium.remote.ProtocolHandshake.createSession(ProtocolHandshake.java:75)
	at org.openqa.selenium.remote.ProtocolHandshake.createSession(ProtocolHandshake.java:61)
	at io.appium.java_client.remote.AppiumCommandExecutor.createSession(AppiumCommandExecutor.java:170)
	at io.appium.java_client.remote.AppiumCommandExecutor.execute(AppiumCommandExecutor.java:235)
	at org.openqa.selenium.remote.RemoteWebDriver.execute(RemoteWebDriver.java:604)
	at io.appium.java_client.AppiumDriver.startSession(AppiumDriver.java:308)
	at org.openqa.selenium.remote.RemoteWebDriver.<init>(RemoteWebDriver.java:211)
	at org.openqa.selenium.remote.RemoteWebDriver.<init>(RemoteWebDriver.java:197)
	at io.appium.java_client.AppiumDriver.<init>(AppiumDriver.java:98)
	at io.appium.java_client.AppiumDriver.<init>(AppiumDriver.java:109)
	at io.appium.java_client.android.AndroidDriver.<init>(AndroidDriver.java:108)
	at com.yohanes.appium.tests.BaseTest.setUp(BaseTest.java:32)
	at java.base/jdk.internal.reflect.NativeMethodAccessorImpl.invoke0(Native Method)
	at java.base/jdk.internal.reflect.NativeMethodAccessorImpl.invoke(NativeMethodAccessorImpl.java:77)
	at java.base/jdk.internal.reflect.DelegatingMethodAccessorImpl.invoke(DelegatingMethodAccessorImpl.java:43)
	at java.base/java.lang.reflect.Method.invoke(Method.java:568)
	at org.testng.internal.invokers.MethodInvocationHelper.invokeMethod(MethodInvocationHelper.java:141)
	at org.testng.internal.invokers.MethodInvocationHelper.invokeMethodConsideringTimeout(MethodInvocationHelper.java:71)
	at org.testng.internal.invokers.ConfigInvoker.invokeConfigurationMethod(ConfigInvoker.java:400)
	at org.testng.internal.invokers.ConfigInvoker.invokeConfigurations(ConfigInvoker.java:333)
	at org.testng.internal.invokers.TestInvoker.runConfigMethods(TestInvoker.java:846)
	at org.testng.internal.invokers.TestInvoker.invokeMethod(TestInvoker.java:611)
	at org.testng.internal.invokers.TestInvoker.invokeTestMethod(TestInvoker.java:230)
	at org.testng.internal.invokers.MethodRunner.runInSequence(MethodRunner.java:63)
	at org.testng.internal.invokers.TestInvoker$MethodInvocationAgent.invoke(TestInvoker.java:1005)
	at org.testng.internal.invokers.TestInvoker.invokeTestMethods(TestInvoker.java:203)
	at org.testng.internal.invokers.TestMethodWorker.invokeTestMethods(TestMethodWorker.java:154)
	at org.testng.internal.invokers.TestMethodWorker.run(TestMethodWorker.java:134)
	at java.base/java.util.ArrayList.forEach(ArrayList.java:1511)
	at org.testng.TestRunner.privateRun(TestRunner.java:744)
	at org.testng.TestRunner.run(TestRunner.java:616)
	at org.testng.SuiteRunner.runTest(SuiteRunner.java:421)
	at org.testng.SuiteRunner.runSequentially(SuiteRunner.java:413)
	at org.testng.SuiteRunner.privateRun(SuiteRunner.java:373)
	at org.testng.SuiteRunner.run(SuiteRunner.java:312)
	at org.testng.SuiteRunnerWorker.runSuite(SuiteRunnerWorker.java:52)
	at org.testng.SuiteRunnerWorker.run(SuiteRunnerWorker.java:95)
	at org.testng.TestNG.runSuitesSequentially(TestNG.java:1274)
	at org.testng.TestNG.runSuitesLocally(TestNG.java:1208)
	at org.testng.TestNG.runSuites(TestNG.java:1112)
	at org.testng.TestNG.run(TestNG.java:1079)
	at org.apache.maven.surefire.testng.TestNGExecutor.run(TestNGExecutor.java:155)
	at org.apache.maven.surefire.testng.TestNGDirectoryTestSuite.executeMulti(TestNGDirectoryTestSuite.java:169)
	at org.apache.maven.surefire.testng.TestNGDirectoryTestSuite.execute(TestNGDirectoryTestSuite.java:88)
	at org.apache.maven.surefire.testng.TestNGProvider.invoke(TestNGProvider.java:137)
	at org.apache.maven.surefire.booter.ForkedBooter.runSuitesInProcess(ForkedBooter.java:385)
	at org.apache.maven.surefire.booter.ForkedBooter.execute(ForkedBooter.java:162)
	at org.apache.maven.surefire.booter.ForkedBooter.run(ForkedBooter.java:507)
	at org.apache.maven.surefire.booter.ForkedBooter.main(ForkedBooter.java:495)
]]></failure>
  </testcase>
  <testcase name="setUp" classname="com.yohanes.appium.tests.LoginTest" time="0.0">
    <skipped/>
  </testcase>
  <testcase name="InvalidLoginTest" classname="com.yohanes.appium.tests.LoginTest" time="0.0">
    <skipped message="Could not start a new session. Response code 404. Message: The requested resource could not be found, or a request was received using an HTTP method that is not supported by the mapped resource &#10;Host info: host: &apos;YOHANES-PC&apos;, ip: &apos;192.168.1.11&apos;&#10;Build info: version: &apos;4.41.0&apos;, revision: &apos;9fc754f&apos;&#10;System info: os.name: &apos;Windows 11&apos;, os.arch: &apos;amd64&apos;, os.version: &apos;10.0&apos;, java.version: &apos;17.0.12&apos;&#10;Driver info: io.appium.java_client.android.AndroidDriver&#10;Command: [null, newSession {capabilities=[Capabilities {appium:appActivity: com.swaglabsmobileapp.MainA..., appium:appPackage: com.swaglabsmobileapp, appium:automationName: UIAutomator2, appium:deviceName: Pixel 3 API 29, appium:newCommandTimeout: 300, appium:noReset: true, appium:udid: emulator-5554, platformName: ANDROID}]}]&#10;Capabilities {appium:appActivity: com.swaglabsmobileapp.MainA..., appium:appPackage: com.swaglabsmobileapp, appium:automationName: UIAutomator2, appium:deviceName: Pixel 3 API 29, appium:newCommandTimeout: 300, appium:noReset: true, appium:udid: emulator-5554, platformName: ANDROID}"/>
  </testcase>
  <testcase name="tearDown" classname="com.yohanes.appium.tests.LoginTest" time="0.0">
    <skipped/>
  </testcase>
  <testcase name="tearDown" classname="com.yohanes.appium.tests.LoginTest" time="0.0">
    <skipped/>
  </testcase>
  <testcase name="ValidLoginTest" classname="com.yohanes.appium.tests.LoginTest" time="0.0">
    <skipped message="Could not start a new session. Response code 404. Message: The requested resource could not be found, or a request was received using an HTTP method that is not supported by the mapped resource &#10;Host info: host: &apos;YOHANES-PC&apos;, ip: &apos;192.168.1.11&apos;&#10;Build info: version: &apos;4.41.0&apos;, revision: &apos;9fc754f&apos;&#10;System info: os.name: &apos;Windows 11&apos;, os.arch: &apos;amd64&apos;, os.version: &apos;10.0&apos;, java.version: &apos;17.0.12&apos;&#10;Driver info: io.appium.java_client.android.AndroidDriver&#10;Command: [null, newSession {capabilities=[Capabilities {appium:appActivity: com.swaglabsmobileapp.MainA..., appium:appPackage: com.swaglabsmobileapp, appium:automationName: UIAutomator2, appium:deviceName: Pixel 3 API 29, appium:newCommandTimeout: 300, appium:noReset: true, appium:udid: emulator-5554, platformName: ANDROID}]}]&#10;Capabilities {appium:appActivity: com.swaglabsmobileapp.MainA..., appium:appPackage: com.swaglabsmobileapp, appium:automationName: UIAutomator2, appium:deviceName: Pixel 3 API 29, appium:newCommandTimeout: 300, appium:noReset: true, appium:udid: emulator-5554, platformName: ANDROID}"/>
  </testcase>
</testsuite>